1657282798150:authors-count
1657283892650:authors-all
1657283959462:authors-count
1657284008596:authors-all
1657296685760:фгерщкы-фдд
1657296690984:authors-all
1657297973459:get-author
1657298166020:get-author 1
1657298173233:get-author 2
1657298524770:get-author
1657298531889:get-author 2
1657298561776:stacktrace
1657298738351:get-author
1657298743808:get-author 2
1657317536909:genres-all
1657319176931:authors-all
1657319689433:get-author
1657319699307:get-author 1
1657319886831:genre-all
1657319896474:genres-all
1657456775446:authors-all
1657457626851:get-author 1
1657457633524:get-author
1657457649207:get-author 3
1657457684163:get-author
1657459944546:book-add
1657459968211:book-set-name first book ever
1657460012758:book-set-name "irst book Ever"
1657460027269:book-save
1657460036410:book-set-author
1657460046315:book-set-author 1
1657460057629:book-set-genre 1
1657460065200:book-save
1657460078079:stacktrace
1657460290628:book-add
1657460320034:book-set-name "irst book EVERbook-add"
1657460331216:book-set-author 1
1657460336595:book-set-genre 1
1657460341022:book-save
1657460357730:stacktrace
1657460472050:book-add
1657460496747:book-set-name "irst book EVERbook-add"
1657460504100:book-set-author 1
1657460509975:book-set-genre 1
1657460516002:book-save
1657460534074:books-all
1657460556466:get-book 2
1657460714019:book-add
1657460821211:book-set-name "first book everbook-add"
1657460830651:book-set-author 1
1657460836382:book-set-genre 1
1657460845658:book-save
1657460893636:book-edit
1657460899701:book-edit 2
1657460917132:book-set-name tutu
1657460921475:book-save
1657460938753:book-edit
1657460946659:book-edit 2
1657460963751:book-set-name ''
1657460971453:book-save
1657460980463:book-edit
1657460985607:book-edit 2
1657461001468:book-set-name tut-tata
1657461005254:book-save
1657461030677:get-book 2
1657461047866:book-edit
1657461052486:book-edit 2
1657461061927:get-genre 1
1657461072758:free
1657461080243:book-save
1657461551672:book-get 1
1657461763847:book-edit 1
1657461775349:book-save
1657461782655:book-edit
1657461787603:book-edit 1
1657461800144:main-menu
1657461812597:help
1657462584281:book-get-count
1657462589481:book-add
1657462601088:book-set-name tats
1657462609883:book-set-author 1
1657462614767:book-set-genre
1657462621546:book-set-genre 1
1657462632473:book-save
1657462641322:book-get-count
1657462657015:book-remove 2
1657462665643:book-get-all
1657462704587:books-get-all
1657462725868:book-add
1657462735073:book-set-name ffff
1657462762139:book-set-author 1
1657462767668:book-set-genre 1
1657462777612:books-get-all
1657462789594:book-get-all
1657462800737:book-save
1657462812238:books-get-all
1657462822252:book-remove-all
1657462830812:book-get-count
